<?xml version="1.0" encoding="UTF-8"?>
<!-- Generated by org.testng.reporters.JUnitReportReporter -->
<testsuite hostname="QUASPC1214" failures="0" tests="1" name="qa.covrize.testcases.ContactPageTestCase" time="37.135" errors="0" timestamp="2022-07-01T18:01:22 IST" skipped="0">
  <testcase classname="qa.covrize.testcases.ContactPageTestCase" name="scenerio_2" time="37.135"/>
  <system-out/>
</testsuite> <!-- qa.covrize.testcases.ContactPageTestCase -->
