<?xml version="1.0" encoding="UTF-8"?>
<!-- Generated by org.testng.reporters.JUnitReportReporter -->
<testsuite hostname="DESKTOP-8IT651I" failures="0" tests="7" name="lesson5.Navigation" time="10.860" errors="0" timestamp="2022-03-13T20:08:47 IST" skipped="0">
  <testcase classname="lesson5.Navigation" name="openLink" time="7.942"/>
  <system-out/>
  <testcase classname="lesson5.Navigation" name="openContactPage" time="1.005"/>
  <system-out/>
  <testcase classname="lesson5.Navigation" name="verifyContactNumbers" time="0.095"/>
  <system-out/>
  <testcase classname="lesson5.Navigation" name="verifyEmailAddress" time="0.088"/>
  <system-out/>
  <testcase classname="lesson5.Navigation" name="forwardNavigation" time="0.203"/>
  <system-out/>
  <testcase classname="lesson5.Navigation" name="backNavigation" time="0.715"/>
  <system-out/>
  <testcase classname="lesson5.Navigation" name="reloadRefresh" time="0.812"/>
  <system-out/>
</testsuite> <!-- lesson5.Navigation -->
